0 silly input [ 'prepare' ]
1 silly flags { _: [ 'run' ], script: 'prepare', args: [] }
2 verbose rootPath C:\Users\test\Desktop\Theia-Widget-Pattern-Selection
3 info version 2.4.0
4 silly existsSync C:\Users\test\Desktop\Theia-Widget-Pattern-Selection\VERSION
5 silly initialize attempt
6 silly initialize success
7 silly execute attempt
8 silly runScriptInPackageStreaming [ 'prepare', [], 'extension' ]
9 silly getExecOpts {
9 silly getExecOpts   cwd: 'C:\\Users\\test\\Desktop\\Theia-Widget-Pattern-Selection\\extension'
9 silly getExecOpts }
10 silly runScriptInPackageStreaming [ 'prepare', [], 'browser-app' ]
11 silly getExecOpts {
11 silly getExecOpts   cwd: 'C:\\Users\\test\\Desktop\\Theia-Widget-Pattern-Selection\\browser-app'
11 silly getExecOpts }
12 error execute callback with error
13 error Error: Command failed: npm run prepare
13 error (node:3684) [DEP_WEBPACK_COMPILATION_ASSETS] DeprecationWarning: Compilation.assets will be frozen in future, all modifications are deprecated.
13 error BREAKING CHANGE: No more changes should happen to Compilation.assets after sealing the Compilation.
13 error 	Do changes to assets earlier, e. g. in Compilation.hooks.processAssets.
13 error 	Make sure to select an appropriate stage from Compilation.PROCESS_ASSETS_STAGE_*.
13 error (Use `node --trace-deprecation ...` to show where the warning was created)
13 error
13 error Error: webpack exited with an unexpected code: 1.
13 error     at ChildProcess.<anonymous> (C:\Users\test\Desktop\Theia-Widget-Pattern-Selection\node_modules\@theia\application-manager\lib\application-process.js:67:28)
13 error     at ChildProcess.emit (events.js:400:28)
13 error     at maybeClose (internal/child_process.js:1055:16)
13 error     at Process.ChildProcess._handle.onexit (internal/child_process.js:288:5)
13 error npm ERR! code ELIFECYCLE
13 error npm ERR! errno 1
13 error npm ERR! browser-app@0.0.0 prepare: `theia build --mode development`
13 error npm ERR! Exit status 1
13 error npm ERR!
13 error npm ERR! Failed at the browser-app@0.0.0 prepare script.
13 error npm ERR! This is probably not a problem with npm. There is likely additional logging output above.
13 error
13 error npm ERR! A complete log of this run can be found in:
13 error npm ERR!     C:\Users\test\AppData\Roaming\npm-cache\_logs\2021-11-02T11_18_10_912Z-debug.log
13 error
13 error
13 error > browser-app@0.0.0 prepare C:\Users\test\Desktop\Theia-Widget-Pattern-Selection\browser-app
13 error > theia build --mode development
13 error
13 error assets by status 1.98 MiB [1m[32m[cached][39m[22m 16 assets
13 error assets by status 31.3 MiB [1m[33m[compared for emit][39m[22m
13 error   assets by path [1m[32m*.gz[39m[22m 2.2 MiB 85 assets
13 error   assets by path [1m[32m*.js[39m[22m 3.87 MiB
13 error     assets by chunk 3.77 MiB (id hint: vendors) 27 assets
13 error     13 assets
13 error   assets by path [1m[32mvs/[39m[22m 25.2 MiB 34 assets
13 error   asset [1m[32m885f5ba50b2d7b0ce6d6.ttf.gz?997afbd55d4901b36b70bb5899df9fb3[39m[22m 36.9 KiB [1m[33m[compared for emit][39m[22m
13 error assets by status 8.9 MiB [1m[32m[emitted][39m[22m
13 error   assets by path [1m[32m*.gz[39m[22m 2.61 MiB 6 assets
13 error   assets by path [1m[32m*.js[39m[22m 6.28 MiB
13 error     asset [1m[32mbundle.js[39m[22m 6.14 MiB [1m[32m[emitted][39m[22m (name: main) 1 related asset
13 error     asset [1m[32mvendors-node_modules_theia_core_lib_browser_widgets_alert-message_js-node_modules_update-json-19d841.bundle.js[39m[22m 109 KiB [1m[32m[emitted][39m[22m (id hint: vendors) 1 related asset
13 error     asset [1m[32mextension_lib_browser_extension-frontend-module_js.bundle.js[39m[22m 39.4 KiB [1m[32m[emitted][39m[22m 1 related asset
13 error runtime modules 7.02 KiB 11 modules
13 error javascript modules 8.65 MiB
13 error   modules by path [1m../node_modules/[39m[22m 8.62 MiB 1159 modules
13 error   modules by path [1m../extension/[39m[22m 28.9 KiB
13 error     modules by path [1m../extension/lib/[39m[22m 27.4 KiB 4 modules
13 error     modules by path [1m../extension/src/browser/style/*.css[39m[22m 1.46 KiB 2 modules
13 error json modules 303 KiB
13 error   modules by path [1m../node_modules/@theia/core/[39m[22m 241 KiB 55 modules
13 error   modules by path [1m../node_modules/@theia/monaco/[39m[22m 25.3 KiB 11 modules
13 error   modules by path [1m../node_modules/ajv/lib/[39m[22m 3.12 KiB 2 modules
13 error   2 modules
13 error asset modules 67.3 KiB (javascript) 1.89 MiB (asset)
13 error   modules by path [1m../node_modules/@theia/core/src/browser/icons/*.svg[39m[22m 66.7 KiB 44 modules
13 error   modules by path [1m../node_modules/font-awesome/[39m[22m 252 bytes (javascript) 1.06 MiB (asset) 2 modules
13 error   modules by path [1m../node_modules/file-icons-js/[39m[22m 210 bytes (javascript) 256 KiB (asset) 5 modules
13 error
13 error
13 error [1m[33mWARNING[39m[22m in [1m../node_modules/inversify/lib/annotation/decorator_utils.js[39m[22m
13 error [1mModule Warning (from ../node_modules/source-map-loader/dist/cjs.js):
13 error [1m[31mFailed[39m[22m[1m to parse source map from 'C:\Users\test\Desktop\Theia-Widget-Pattern-Selection\node_modules\inversify\src\annotation\decorator_utils.ts' file: [1m[31mError[39m[22m[1m: ENOENT: no such file or directory, open 'C:\Users\test\Desktop\Theia-Widget-Pattern-Selection\node_modules\inversify\src\annotation\decorator_utils.ts'[39m[22m
13 error  @ ../node_modules/inversify/lib/inversify.js 38:24-63
13 error  @ ./src-gen/frontend/index.js 5:22-42
13 error
13 error [1m[33mWARNING[39m[22m in [1m../node_modules/inversify/lib/annotation/inject.js[39m[22m
13 error [1mModule Warning (from ../node_modules/source-map-loader/dist/cjs.js):
13 error [1m[31mFailed[39m[22m[1m to parse source map from 'C:\Users\test\Desktop\Theia-Widget-Pattern-Selection\node_modules\inversify\src\annotation\inject.ts' file: [1m[31mError[39m[22m[1m: ENOENT: no such file or directory, open 'C:\Users\test\Desktop\Theia-Widget-Pattern-Selection\node_modules\inversify\src\annotation\inject.ts'[39m[22m
13 error  @ ../node_modules/inversify/lib/inversify.js 21:15-45
13 error  @ ./src-gen/frontend/index.js 5:22-42
13 error
13 error [1m[33mWARNING[39m[22m in [1m../node_modules/inversify/lib/annotation/injectable.js[39m[22m
13 error [1mModule Warning (from ../node_modules/source-map-loader/dist/cjs.js):
13 error [1m[31mFailed[39m[22m[1m to parse source map from 'C:\Users\test\Desktop\Theia-Widget-Pattern-Selection\node_modules\inversify\src\annotation\injectable.ts' file: [1m[31mError[39m[22m[1m: ENOENT: no such file or directory, open 'C:\Users\test\Desktop\Theia-Widget-Pattern-Selection\node_modules\inversify\src\annotation\injectable.ts'[39m[22m
13 error  @ ../node_modules/inversify/lib/inversify.js 15:19-53
13 error  @ ./src-gen/frontend/index.js 5:22-42
13 error
13 error [1m[33mWARNING[39m[22m in [1m../node_modules/inversify/lib/annotation/multi_inject.js[39m[22m
13 error [1mModule Warning (from ../node_modules/source-map-loader/dist/cjs.js):
13 error [1m[31mFailed[39m[22m[1m to parse source map from 'C:\Users\test\Desktop\Theia-Widget-Pattern-Selection\node_modules\inversify\src\annotation\multi_inject.ts' file: [1m[31mError[39m[22m[1m: ENOENT: no such file or directory, open 'C:\Users\test\Desktop\Theia-Widget-Pattern-Selection\node_modules\inversify\src\annotation\multi_inject.ts'[39m[22m
13 error  @ ../node_modules/inversify/lib/inversify.js 28:21-57
13 error  @ ./src-gen/frontend/index.js 5:22-42
13 error
13 error [1m[33mWARNING[39m[22m in [1m../node_modules/inversify/lib/annotation/named.js[39m[22m
13 error [1mModule Warning (from ../node_modules/source-map-loader/dist/cjs.js):
13 error [1m[31mFailed[39m[22m[1m to parse source map from 'C:\Users\test\Desktop\Theia-Widget-Pattern-Selection\node_modules\inversify\src\annotation\named.ts' file: [1m[31mError[39m[22m[1m: ENOENT: no such file or directory, open 'C:\Users\test\Desktop\Theia-Widget-Pattern-Selection\node_modules\inversify\src\annotation\named.ts'[39m[22m
13 error  @ ../node_modules/inversify/lib/inversify.js 19:14-43
13 error  @ ./src-gen/frontend/index.js 5:22-42
13 error
13 error [1m[33mWARNING[39m[22m in [1m../node_modules/inversify/lib/annotation/optional.js[39m[22m
13 error [1mModule Warning (from ../node_modules/source-map-loader/dist/cjs.js):
13 error [1m[31mFailed[39m[22m[1m to parse source map from 'C:\Users\test\Desktop\Theia-Widget-Pattern-Selection\node_modules\inversify\src\annotation\optional.ts' file: [1m[31mError[39m[22m[1m: ENOENT: no such file or directory, open 'C:\Users\test\Desktop\Theia-Widget-Pattern-Selection\node_modules\inversify\src\annotation\optional.ts'[39m[22m
13 error  @ ../node_modules/inversify/lib/inversify.js 24:17-49
13 error  @ ./src-gen/frontend/index.js 5:22-42
13 error
13 error [1m[33mWARNING[39m[22m in [1m../node_modules/inversify/lib/annotation/post_construct.js[39m[22m
13 error [1mModule Warning (from ../node_modules/source-map-loader/dist/cjs.js):
13 error [1m[31mFailed[39m[22m[1m to parse source map from 'C:\Users\test\Desktop\Theia-Widget-Pattern-Selection\node_modules\inversify\src\annotation\post_construct.ts' file: [1m[31mError[39m[22m[1m: ENOENT: no such file or directory, open 'C:\Users\test\Desktop\Theia-Widget-Pattern-Selection\node_modules\inversify\src\annotation\post_construct.ts'[39m[22m
13 error  @ ../node_modules/inversify/lib/inversify.js 32:23-61
13 error  @ ./src-gen/frontend/index.js 5:22-42
13 error
13 error [1m[33mWARNING[39m[22m in [1m../node_modules/inversify/lib/annotation/tagged.js[39m[22m
13 error [1mModule Warning (from ../node_modules/source-map-loader/dist/cjs.js):
13 error [1m[31mFailed[39m[22m[1m to parse source map from 'C:\Users\test\Desktop\Theia-Widget-Pattern-Selection\node_modules\inversify\src\annotation\tagged.ts' file: [1m[31mError[39m[22m[1m: ENOENT: no such file or directory, open 'C:\Users\test\Desktop\Theia-Widget-Pattern-Selection\node_modules\inversify\src\annotation\tagged.ts'[39m[22m
13 error  @ ../node_modules/inversify/lib/inversify.js 17:15-45
13 error  @ ./src-gen/frontend/index.js 5:22-42
13 error
13 error [1m[33mWARNING[39m[22m in [1m../node_modules/inversify/lib/annotation/target_name.js[39m[22m
13 error [1mModule Warning (from ../node_modules/source-map-loader/dist/cjs.js):
13 error [1m[31mFailed[39m[22m[1m to parse source map from 'C:\Users\test\Desktop\Theia-Widget-Pattern-Selection\node_modules\inversify\src\annotation\target_name.ts' file: [1m[31mError[39m[22m[1m: ENOENT: no such file or directory, open 'C:\Users\test\Desktop\Theia-Widget-Pattern-Selection\node_modules\inversify\src\annotation\target_name.ts'[39m[22m
13 error  @ ../node_modules/inversify/lib/inversify.js 30:20-55
13 error  @ ./src-gen/frontend/index.js 5:22-42
13 error
13 error [1m[33mWARNING[39m[22m in [1m../node_modules/inversify/lib/annotation/unmanaged.js[39m[22m
13 error [1mModule Warning (from ../node_modules/source-map-loader/dist/cjs.js):
13 error [1m[31mFailed[39m[22m[1m to parse source map from 'C:\Users\test\Desktop\Theia-Widget-Pattern-Selection\node_modules\inversify\src\annotation\unmanaged.ts' file: [1m[31mError[39m[22m[1m: ENOENT: no such file or directory, open 'C:\Users\test\Desktop\Theia-Widget-Pattern-Selection\node_modules\inversify\src\annotation\unmanaged.ts'[39m[22m
13 error  @ ../node_modules/inversify/lib/inversify.js 26:18-51
13 error  @ ./src-gen/frontend/index.js 5:22-42
13 error
13 error [1m[33mWARNING[39m[22m in [1m../node_modules/inversify/lib/bindings/binding.js[39m[22m
13 error [1mModule Warning (from ../node_modules/source-map-loader/dist/cjs.js):
13 error [1m[31mFailed[39m[22m[1m to parse source map from 'C:\Users\test\Desktop\Theia-Widget-Pattern-Selection\node_modules\inversify\src\bindings\binding.ts' file: [1m[31mError[39m[22m[1m: ENOENT: no such file or directory, open 'C:\Users\test\Desktop\Theia-Widget-Pattern-Selection\node_modules\inversify\src\bindings\binding.ts'[39m[22m
13 error  @ ../node_modules/inversify/lib/container/container.js 45:16-46
13 error  @ ../node_modules/inversify/lib/inversify.js 6:18-50
13 error  @ ./src-gen/frontend/index.js 5:22-42
13 error
13 error [1m[33mWARNING[39m[22m in [1m../node_modules/inversify/lib/bindings/binding_count.js[39m[22m
13 error [1mModule Warning (from ../node_modules/source-map-loader/dist/cjs.js):
13 error [1m[31mFailed[39m[22m[1m to parse source map from 'C:\Users\test\Desktop\Theia-Widget-Pattern-Selection\node_modules\inversify\src\bindings\binding_count.ts' file: [1m[31mError[39m[22m[1m: ENOENT: no such file or directory, open 'C:\Users\test\Desktop\Theia-Widget-Pattern-Selection\node_modules\inversify\src\bindings\binding_count.ts'[39m[22m
13 error  @ ../node_modules/inversify/lib/planning/planner.js 4:22-58
13 error  @ ../node_modules/inversify/lib/container/container.js 50:16-46
13 error  @ ../node_modules/inversify/lib/inversify.js 6:18-50
13 error  @ ./src-gen/frontend/index.js 5:22-42
13 error
13 error [1m[33mWARNING[39m[22m in [1m../node_modules/inversify/lib/constants/error_msgs.js[39m[22m
13 error [1mModule Warning (from ../node_modules/source-map-loader/dist/cjs.js):
13 error [1m[31mFailed[39m[22m[1m to parse source map from 'C:\Users\test\Desktop\Theia-Widget-Pattern-Selection\node_modules\inversify\src\constants\error_msgs.ts' file: [1m[31mError[39m[22m[1m: ENOENT: no such file or directory, open 'C:\Users\test\Desktop\Theia-Widget-Pattern-Selection\node_modules\inversify\src\constants\error_msgs.ts'[39m[22m
13 error  @ ../node_modules/inversify/lib/annotation/injectable.js 4:18-52
13 error  @ ../node_modules/inversify/lib/inversify.js 15:19-53
13 error  @ ./src-gen/frontend/index.js 5:22-42
13 error
13 error [1m[33mWARNING[39m[22m in [1m../node_modules/inversify/lib/constants/literal_types.js[39m[22m
13 error [1mModule Warning (from ../node_modules/source-map-loader/dist/cjs.js):
13 error [1m[31mFailed[39m[22m[1m to parse source map from 'C:\Users\test\Desktop\Theia-Widget-Pattern-Selection\node_modules\inversify\src\constants\literal_types.ts' file: [1m[31mError[39m[22m[1m: ENOENT: no such file or directory, open 'C:\Users\test\Desktop\Theia-Widget-Pattern-Selection\node_modules\inversify\src\constants\literal_types.ts'[39m[22m
13 error  @ ../node_modules/inversify/lib/inversify.js 8:22-58
13 error  @ ./src-gen/frontend/index.js 5:22-42
13 error
13 error [1m[33mWARNING[39m[22m in [1m../node_modules/inversify/lib/constants/metadata_keys.js[39m[22m
13 error [1mModule Warning (from ../node_modules/source-map-loader/dist/cjs.js):
13 error [1m[31mFailed[39m[22m[1m to parse source map from 'C:\Users\test\Desktop\Theia-Widget-Pattern-Selection\node_modules\inversify\src\constants\metadata_keys.ts' file: [1m[31mError[39m[22m[1m: ENOENT: no such file or directory, open 'C:\Users\test\Desktop\Theia-Widget-Pattern-Selection\node_modules\inversify\src\constants\metadata_keys.ts'[39m[22m
13 error  @ ../node_modules/inversify/lib/inversify.js 4:11-47
13 error  @ ./src-gen/frontend/index.js 5:22-42
13 error
13 error [1m[33mWARNING[39m[22m in [1m../node_modules/inversify/lib/container/container.js[39m[22m
13 error [1mModule Warning (from ../node_modules/source-map-loader/dist/cjs.js):
13 error [1m[31mFailed[39m[22m[1m to parse source map from 'C:\Users\test\Desktop\Theia-Widget-Pattern-Selection\node_modules\inversify\src\container\container.ts' file: [1m[31mError[39m[22m[1m: ENOENT: no such file or directory, open 'C:\Users\test\Desktop\Theia-Widget-Pattern-Selection\node_modules\inversify\src\container\container.ts'[39m[22m
13 error  @ ../node_modules/inversify/lib/inversify.js 6:18-50
13 error  @ ./src-gen/frontend/index.js 5:22-42
13 error
13 error [1m[33mWARNING[39m[22m in [1m../node_modules/inversify/lib/container/container_module.js[39m[22m
13 error [1mModule Warning (from ../node_modules/source-map-loader/dist/cjs.js):
13 error [1m[31mFailed[39m[22m[1m to parse source map from 'C:\Users\test\Desktop\Theia-Widget-Pattern-Selection\node_modules\inversify\src\container\container_module.ts' file: [1m[31mError[39m[22m[1m: ENOENT: no such file or directory, open 'C:\Users\test\Desktop\Theia-Widget-Pattern-Selection\node_modules\inversify\src\container\container_module.ts'[39m[22m
13 error  @ ../node_modules/inversify/lib/inversify.js 12:25-64
13 error  @ ./src-gen/frontend/index.js 5:22-42
13 error
13 error [1m[33mWARNING[39m[22m in [1m../node_modules/inversify/lib/container/container_snapshot.js[39m[22m
13 error [1mModule Warning (from ../node_modules/source-map-loader/dist/cjs.js):
13 error [1m[31mFailed[39m[22m[1m to parse source map from 'C:\Users\test\Desktop\Theia-Widget-Pattern-Selection\node_modules\inversify\src\container\container_snapshot.ts' file: [1m[31mError[39m[22m[1m: ENOENT: no such file or directory, open 'C:\Users\test\Desktop\Theia-Widget-Pattern-Selection\node_modules\inversify\src\container\container_snapshot.ts'[39m[22m
13 error  @ ../node_modules/inversify/lib/container/container.js 55:27-58
13 error  @ ../node_modules/inversify/lib/inversify.js 6:18-50
13 error  @ ./src-gen/frontend/index.js 5:22-42
13 error
13 error [1m[33mWARNING[39m[22m in [1m../node_modules/inversify/lib/container/lookup.js[39m[22m
13 error [1mModule Warning (from ../node_modules/source-map-loader/dist/cjs.js):
13 error [1m[31mFailed[39m[22m[1m to parse source map from 'C:\Users\test\Desktop\Theia-Widget-Pattern-Selection\node_modules\inversify\src\container\lookup.ts' file: [1m[31mError[39m[22m[1m: ENOENT: no such file or directory, open 'C:\Users\test\Desktop\Theia-Widget-Pattern-Selection\node_modules\inversify\src\container\lookup.ts'[39m[22m
13 error  @ ../node_modules/inversify/lib/container/container.js 56:15-34
13 error  @ ../node_modules/inversify/lib/inversify.js 6:18-50
13 error  @ ./src-gen/frontend/index.js 5:22-42
13 error
13 error [1m[33mWARNING[39m[22m in [1m../node_modules/inversify/lib/inversify.js[39m[22m
13 error [1mModule Warning (from ../node_modules/source-map-loader/dist/cjs.js):
13 error [1m[31mFailed[39m[22m[1m to parse source map from 'C:\Users\test\Desktop\Theia-Widget-Pattern-Selection\node_modules\inversify\src\inversify.ts' file: [1m[31mError[39m[22m[1m: ENOENT: no such file or directory, open 'C:\Users\test\Desktop\Theia-Widget-Pattern-Selection\node_modules\inversify\src\inversify.ts'[39m[22m
13 error  @ ./src-gen/frontend/index.js 5:22-42
13 error
13 error [1m[33mWARNING[39m[22m in [1m../node_modules/inversify/lib/planning/context.js[39m[22m
13 error [1mModule Warning (from ../node_modules/source-map-loader/dist/cjs.js):
13 error [1m[31mFailed[39m[22m[1m to parse source map from 'C:\Users\test\Desktop\Theia-Widget-Pattern-Selection\node_modules\inversify\src\planning\context.ts' file: [1m[31mError[39m[22m[1m: ENOENT: no such file or directory, open 'C:\Users\test\Desktop\Theia-Widget-Pattern-Selection\node_modules\inversify\src\planning\context.ts'[39m[22m
13 error  @ ../node_modules/inversify/lib/planning/planner.js 10:16-36
13 error  @ ../node_modules/inversify/lib/container/container.js 50:16-46
13 error  @ ../node_modules/inversify/lib/inversify.js 6:18-50
13 error  @ ./src-gen/frontend/index.js 5:22-42
13 error
13 error [1m[33mWARNING[39m[22m in [1m../node_modules/inversify/lib/planning/metadata.js[39m[22m
13 error [1mModule Warning (from ../node_modules/source-map-loader/dist/cjs.js):
13 error [1m[31mFailed[39m[22m[1m to parse source map from 'C:\Users\test\Desktop\Theia-Widget-Pattern-Selection\node_modules\inversify\src\planning\metadata.ts' file: [1m[31mError[39m[22m[1m: ENOENT: no such file or directory, open 'C:\Users\test\Desktop\Theia-Widget-Pattern-Selection\node_modules\inversify\src\planning\metadata.ts'[39m[22m
13 error  @ ../node_modules/inversify/lib/annotation/tagged.js 4:17-48
13 error  @ ../node_modules/inversify/lib/inversify.js 17:15-45
13 error  @ ./src-gen/frontend/index.js 5:22-42
13 error
13 error [1m[33mWARNING[39m[22m in [1m../node_modules/inversify/lib/planning/metadata_reader.js[39m[22m
13 error [1mModule Warning (from ../node_modules/source-map-loader/dist/cjs.js):
13 error [1m[31mFailed[39m[22m[1m to parse source map from 'C:\Users\test\Desktop\Theia-Widget-Pattern-Selection\node_modules\inversify\src\planning\metadata_reader.ts' file: [1m[31mError[39m[22m[1m: ENOENT: no such file or directory, open 'C:\Users\test\Desktop\Theia-Widget-Pattern-Selection\node_modules\inversify\src\planning\metadata_reader.ts'[39m[22m
13 error  @ ../node_modules/inversify/lib/inversify.js 34:24-61
13 error  @ ./src-gen/frontend/index.js 5:22-42
13 error
13 error [1m[33mWARNING[39m[22m in [1m../node_modules/inversify/lib/planning/plan.js[39m[22m
13 error [1mModule Warning (from ../node_modules/source-map-loader/dist/cjs.js):
13 error [1m[31mFailed[39m[22m[1m to parse source map from 'C:\Users\test\Desktop\Theia-Widget-Pattern-Selection\node_modules\inversify\src\planning\plan.ts' file: [1m[31mError[39m[22m[1m: ENOENT: no such file or directory, open 'C:\Users\test\Desktop\Theia-Widget-Pattern-Selection\node_modules\inversify\src\planning\plan.ts'[39m[22m
13 error  @ ../node_modules/inversify/lib/planning/planner.js 12:13-30
13 error  @ ../node_modules/inversify/lib/container/container.js 50:16-46
13 error  @ ../node_modules/inversify/lib/inversify.js 6:18-50
13 error  @ ./src-gen/frontend/index.js 5:22-42
13 error
13 error [1m[33mWARNING[39m[22m in [1m../node_modules/inversify/lib/planning/planner.js[39m[22m
13 error [1mModule Warning (from ../node_modules/source-map-loader/dist/cjs.js):
13 error [1m[31mFailed[39m[22m[1m to parse source map from 'C:\Users\test\Desktop\Theia-Widget-Pattern-Selection\node_modules\inversify\src\planning\planner.ts' file: [1m[31mError[39m[22m[1m: ENOENT: no such file or directory, open 'C:\Users\test\Desktop\Theia-Widget-Pattern-Selection\node_modules\inversify\src\planning\planner.ts'[39m[22m
13 error  @ ../node_modules/inversify/lib/container/container.js 50:16-46
13 error  @ ../node_modules/inversify/lib/inversify.js 6:18-50
13 error  @ ./src-gen/frontend/index.js 5:22-42
13 error
13 error [1m[33mWARNING[39m[22m in [1m../node_modules/inversify/lib/planning/queryable_string.js[39m[22m
13 error [1mModule Warning (from ../node_modules/source-map-loader/dist/cjs.js):
13 error [1m[31mFailed[39m[22m[1m to parse source map from 'C:\Users\test\Desktop\Theia-Widget-Pattern-Selection\node_modules\inversify\src\planning\queryable_string.ts' file: [1m[31mError[39m[22m[1m: ENOENT: no such file or directory, open 'C:\Users\test\Desktop\Theia-Widget-Pattern-Selection\node_modules\inversify\src\planning\queryable_string.ts'[39m[22m
13 error  @ ../node_modules/inversify/lib/planning/target.js 7:25-54
13 error  @ ../node_modules/inversify/lib/planning/planner.js 15:15-34
13 error  @ ../node_modules/inversify/lib/container/container.js 50:16-46
13 error  @ ../node_modules/inversify/lib/inversify.js 6:18-50
13 error  @ ./src-gen/frontend/index.js 5:22-42
13 error
13 error [1m[33mWARNING[39m[22m in [1m../node_modules/inversify/lib/planning/reflection_utils.js[39m[22m
13 error [1mModule Warning (from ../node_modules/source-map-loader/dist/cjs.js):
13 error [1m[31mFailed[39m[22m[1m to parse source map from 'C:\Users\test\Desktop\Theia-Widget-Pattern-Selection\node_modules\inversify\src\planning\reflection_utils.ts' file: [1m[31mError[39m[22m[1m: ENOENT: no such file or directory, open 'C:\Users\test\Desktop\Theia-Widget-Pattern-Selection\node_modules\inversify\src\planning\reflection_utils.ts'[39m[22m
13 error  @ ../node_modules/inversify/lib/planning/planner.js 13:25-54
13 error  @ ../node_modules/inversify/lib/container/container.js 50:16-46
13 error  @ ../node_modules/inversify/lib/inversify.js 6:18-50
13 error  @ ./src-gen/frontend/index.js 5:22-42
13 error
13 error [1m[33mWARNING[39m[22m in [1m../node_modules/inversify/lib/planning/request.js[39m[22m
13 error [1mModule Warning (from ../node_modules/source-map-loader/dist/cjs.js):
13 error [1m[31mFailed[39m[22m[1m to parse source map from 'C:\Users\test\Desktop\Theia-Widget-Pattern-Selection\node_modules\inversify\src\planning\request.ts' file: [1m[31mError[39m[22m[1m: ENOENT: no such file or directory, open 'C:\Users\test\Desktop\Theia-Widget-Pattern-Selection\node_modules\inversify\src\planning\request.ts'[39m[22m
13 error  @ ../node_modules/inversify/lib/planning/planner.js 14:16-36
13 error  @ ../node_modules/inversify/lib/container/container.js 50:16-46
13 error  @ ../node_modules/inversify/lib/inversify.js 6:18-50
13 error  @ ./src-gen/frontend/index.js 5:22-42
13 error
13 error [1m[33mWARNING[39m[22m in [1m../node_modules/inversify/lib/planning/target.js[39m[22m
13 error [1mModule Warning (from ../node_modules/source-map-loader/dist/cjs.js):
13 error [1m[31mFailed[39m[22m[1m to parse source map from 'C:\Users\test\Desktop\Theia-Widget-Pattern-Selection\node_modules\inversify\src\planning\target.ts' file: [1m[31mError[39m[22m[1m: ENOENT: no such file or directory, open 'C:\Users\test\Desktop\Theia-Widget-Pattern-Selection\node_modules\inversify\src\planning\target.ts'[39m[22m
13 error  @ ../node_modules/inversify/lib/planning/planner.js 15:15-34
13 error  @ ../node_modules/inversify/lib/container/container.js 50:16-46
13 error  @ ../node_modules/inversify/lib/inversify.js 6:18-50
13 error  @ ./src-gen/frontend/index.js 5:22-42
13 error
13 error [1m[33mWARNING[39m[22m in [1m../node_modules/inversify/lib/resolution/instantiation.js[39m[22m
13 error [1mModule Warning (from ../node_modules/source-map-loader/dist/cjs.js):
13 error [1m[31mFailed[39m[22m[1m to parse source map from 'C:\Users\test\Desktop\Theia-Widget-Pattern-Selection\node_modules\inversify\src\resolution\instantiation.ts' file: [1m[31mError[39m[22m[1m: ENOENT: no such file or directory, open 'C:\Users\test\Desktop\Theia-Widget-Pattern-Selection\node_modules\inversify\src\resolution\instantiation.ts'[39m[22m
13 error  @ ../node_modules/inversify/lib/resolution/resolver.js 8:22-48
13 error  @ ../node_modules/inversify/lib/container/container.js 51:17-50
13 error  @ ../node_modules/inversify/lib/inversify.js 6:18-50
13 error  @ ./src-gen/frontend/index.js 5:22-42
13 error
13 error [1m[33mWARNING[39m[22m in [1m../node_modules/inversify/lib/resolution/resolver.js[39m[22m
13 error [1mModule Warning (from ../node_modules/source-map-loader/dist/cjs.js):
13 error [1m[31mFailed[39m[22m[1m to parse source map from 'C:\Users\test\Desktop\Theia-Widget-Pattern-Selection\node_modules\inversify\src\resolution\resolver.ts' file: [1m[31mError[39m[22m[1m: ENOENT: no such file or directory, open 'C:\Users\test\Desktop\Theia-Widget-Pattern-Selection\node_modules\inversify\src\resolution\resolver.ts'[39m[22m
13 error  @ ../node_modules/inversify/lib/container/container.js 51:17-50
13 error  @ ../node_modules/inversify/lib/inversify.js 6:18-50
13 error  @ ./src-gen/frontend/index.js 5:22-42
13 error
13 error [1m[33mWARNING[39m[22m in [1m../node_modules/inversify/lib/syntax/binding_in_syntax.js[39m[22m
13 error [1mModule Warning (from ../node_modules/source-map-loader/dist/cjs.js):
13 error [1m[31mFailed[39m[22m[1m to parse source map from 'C:\Users\test\Desktop\Theia-Widget-Pattern-Selection\node_modules\inversify\src\syntax\binding_in_syntax.ts' file: [1m[31mError[39m[22m[1m: ENOENT: no such file or directory, open 'C:\Users\test\Desktop\Theia-Widget-Pattern-Selection\node_modules\inversify\src\syntax\binding_in_syntax.ts'[39m[22m
13 error  @ ../node_modules/inversify/lib/syntax/binding_in_when_on_syntax.js 4:26-56
13 error  @ ../node_modules/inversify/lib/syntax/binding_to_syntax.js 6:34-72
13 error  @ ../node_modules/inversify/lib/container/container.js 52:26-64
13 error  @ ../node_modules/inversify/lib/inversify.js 6:18-50
13 error  @ ./src-gen/frontend/index.js 5:22-42
13 error
13 error [1m[33mWARNING[39m[22m in [1m../node_modules/inversify/lib/syntax/binding_in_when_on_syntax.js[39m[22m
13 error [1mModule Warning (from ../node_modules/source-map-loader/dist/cjs.js):
13 error [1m[31mFailed[39m[22m[1m to parse source map from 'C:\Users\test\Desktop\Theia-Widget-Pattern-Selection\node_modules\inversify\src\syntax\binding_in_when_on_syntax.ts' file: [1m[31mError[39m[22m[1m: ENOENT: no such file or directory, open 'C:\Users\test\Desktop\Theia-Widget-Pattern-Selection\node_modules\inversify\src\syntax\binding_in_when_on_syntax.ts'[39m[22m
13 error  @ ../node_modules/inversify/lib/syntax/binding_to_syntax.js 6:34-72
13 error  @ ../node_modules/inversify/lib/container/container.js 52:26-64
13 error  @ ../node_modules/inversify/lib/inversify.js 6:18-50
13 error  @ ./src-gen/frontend/index.js 5:22-42
13 error
13 error [1m[33mWARNING[39m[22m in [1m../node_modules/inversify/lib/syntax/binding_on_syntax.js[39m[22m
13 error [1mModule Warning (from ../node_modules/source-map-loader/dist/cjs.js):
13 error [1m[31mFailed[39m[22m[1m to parse source map from 'C:\Users\test\Desktop\Theia-Widget-Pattern-Selection\node_modules\inversify\src\syntax\binding_on_syntax.ts' file: [1m[31mError[39m[22m[1m: ENOENT: no such file or directory, open 'C:\Users\test\Desktop\Theia-Widget-Pattern-Selection\node_modules\inversify\src\syntax\binding_on_syntax.ts'[39m[22m
13 error  @ ../node_modules/inversify/lib/syntax/binding_in_when_on_syntax.js 5:26-56
13 error  @ ../node_modules/inversify/lib/syntax/binding_to_syntax.js 6:34-72
13 error  @ ../node_modules/inversify/lib/container/container.js 52:26-64
13 error  @ ../node_modules/inversify/lib/inversify.js 6:18-50
13 error  @ ./src-gen/frontend/index.js 5:22-42
13 error
13 error [1m[33mWARNING[39m[22m in [1m../node_modules/inversify/lib/syntax/binding_to_syntax.js[39m[22m
13 error [1mModule Warning (from ../node_modules/source-map-loader/dist/cjs.js):
13 error [1m[31mFailed[39m[22m[1m to parse source map from 'C:\Users\test\Desktop\Theia-Widget-Pattern-Selection\node_modules\inversify\src\syntax\binding_to_syntax.ts' file: [1m[31mError[39m[22m[1m: ENOENT: no such file or directory, open 'C:\Users\test\Desktop\Theia-Widget-Pattern-Selection\node_modules\inversify\src\syntax\binding_to_syntax.ts'[39m[22m
13 error  @ ../node_modules/inversify/lib/container/container.js 52:26-64
13 error  @ ../node_modules/inversify/lib/inversify.js 6:18-50
13 error  @ ./src-gen/frontend/index.js 5:22-42
13 error
13 error [1m[33mWARNING[39m[22m in [1m../node_modules/inversify/lib/syntax/binding_when_on_syntax.js[39m[22m
13 error [1mModule Warning (from ../node_modules/source-map-loader/dist/cjs.js):
13 error [1m[31mFailed[39m[22m[1m to parse source map from 'C:\Users\test\Desktop\Theia-Widget-Pattern-Selection\node_modules\inversify\src\syntax\binding_when_on_syntax.ts' file: [1m[31mError[39m[22m[1m: ENOENT: no such file or directory, open 'C:\Users\test\Desktop\Theia-Widget-Pattern-Selection\node_modules\inversify\src\syntax\binding_when_on_syntax.ts'[39m[22m
13 error  @ ../node_modules/inversify/lib/syntax/binding_to_syntax.js 7:31-66
13 error  @ ../node_modules/inversify/lib/container/container.js 52:26-64
13 error  @ ../node_modules/inversify/lib/inversify.js 6:18-50
13 error  @ ./src-gen/frontend/index.js 5:22-42
13 error
13 error [1m[33mWARNING[39m[22m in [1m../node_modules/inversify/lib/syntax/binding_when_syntax.js[39m[22m
13 error [1mModule Warning (from ../node_modules/source-map-loader/dist/cjs.js):
13 error [1m[31mFailed[39m[22m[1m to parse source map from 'C:\Users\test\Desktop\Theia-Widget-Pattern-Selection\node_modules\inversify\src\syntax\binding_when_syntax.ts' file: [1m[31mError[39m[22m[1m: ENOENT: no such file or directory, open 'C:\Users\test\Desktop\Theia-Widget-Pattern-Selection\node_modules\inversify\src\syntax\binding_when_syntax.ts'[39m[22m
13 error  @ ../node_modules/inversify/lib/syntax/binding_in_when_on_syntax.js 6:28-60
13 error  @ ../node_modules/inversify/lib/syntax/binding_to_syntax.js 6:34-72
13 error  @ ../node_modules/inversify/lib/container/container.js 52:26-64
13 error  @ ../node_modules/inversify/lib/inversify.js 6:18-50
13 error  @ ./src-gen/frontend/index.js 5:22-42
13 error
13 error [1m[33mWARNING[39m[22m in [1m../node_modules/inversify/lib/syntax/constraint_helpers.js[39m[22m
13 error [1mModule Warning (from ../node_modules/source-map-loader/dist/cjs.js):
13 error [1m[31mFailed[39m[22m[1m to parse source map from 'C:\Users\test\Desktop\Theia-Widget-Pattern-Selection\node_modules\inversify\src\syntax\constraint_helpers.ts' file: [1m[31mError[39m[22m[1m: ENOENT: no such file or directory, open 'C:\Users\test\Desktop\Theia-Widget-Pattern-Selection\node_modules\inversify\src\syntax\constraint_helpers.ts'[39m[22m
13 error  @ ../node_modules/inversify/lib/inversify.js 40:27-65
13 error  @ ./src-gen/frontend/index.js 5:22-42
13 error
13 error [1m[33mWARNING[39m[22m in [1m../node_modules/inversify/lib/utils/binding_utils.js[39m[22m
13 error [1mModule Warning (from ../node_modules/source-map-loader/dist/cjs.js):
13 error [1m[31mFailed[39m[22m[1m to parse source map from 'C:\Users\test\Desktop\Theia-Widget-Pattern-Selection\node_modules\inversify\src\utils\binding_utils.ts' file: [1m[31mError[39m[22m[1m: ENOENT: no such file or directory, open 'C:\Users\test\Desktop\Theia-Widget-Pattern-Selection\node_modules\inversify\src\utils\binding_utils.ts'[39m[22m
13 error  @ ../node_modules/inversify/lib/inversify.js 47:22-54
13 error  @ ./src-gen/frontend/index.js 5:22-42
13 error
13 error [1m[33mWARNING[39m[22m in [1m../node_modules/inversify/lib/utils/exceptions.js[39m[22m
13 error [1mModule Warning (from ../node_modules/source-map-loader/dist/cjs.js):
13 error [1m[31mFailed[39m[22m[1m to parse source map from 'C:\Users\test\Desktop\Theia-Widget-Pattern-Selection\node_modules\inversify\src\utils\exceptions.ts' file: [1m[31mError[39m[22m[1m: ENOENT: no such file or directory, open 'C:\Users\test\Desktop\Theia-Widget-Pattern-Selection\node_modules\inversify\src\utils\exceptions.ts'[39m[22m
13 error  @ ../node_modules/inversify/lib/planning/planner.js 8:19-49
13 error  @ ../node_modules/inversify/lib/container/container.js 50:16-46
13 error  @ ../node_modules/inversify/lib/inversify.js 6:18-50
13 error  @ ./src-gen/frontend/index.js 5:22-42
13 error
13 error [1m[33mWARNING[39m[22m in [1m../node_modules/inversify/lib/utils/id.js[39m[22m
13 error [1mModule Warning (from ../node_modules/source-map-loader/dist/cjs.js):
13 error [1m[31mFailed[39m[22m[1m to parse source map from 'C:\Users\test\Desktop\Theia-Widget-Pattern-Selection\node_modules\inversify\src\utils\id.ts' file: [1m[31mError[39m[22m[1m: ENOENT: no such file or directory, open 'C:\Users\test\Desktop\Theia-Widget-Pattern-Selection\node_modules\inversify\src\utils\id.ts'[39m[22m
13 error  @ ../node_modules/inversify/lib/inversify.js 36:11-32
13 error  @ ./src-gen/frontend/index.js 5:22-42
13 error
13 error [1m[33mWARNING[39m[22m in [1m../node_modules/inversify/lib/utils/serialization.js[39m[22m
13 error [1mModule Warning (from ../node_modules/source-map-loader/dist/cjs.js):
13 error [1m[31mFailed[39m[22m[1m to parse source map from 'C:\Users\test\Desktop\Theia-Widget-Pattern-Selection\node_modules\inversify\src\utils\serialization.ts' file: [1m[31mError[39m[22m[1m: ENOENT: no such file or directory, open 'C:\Users\test\Desktop\Theia-Widget-Pattern-Selection\node_modules\inversify\src\utils\serialization.ts'[39m[22m
13 error  @ ../node_modules/inversify/lib/inversify.js 45:22-54
13 error  @ ./src-gen/frontend/index.js 5:22-42
13 error
13 error [1m[33mWARNING[39m[22m in [1m../node_modules/vscode-textmate/release/main.js[39m[22m [1m[32m23:15-27[39m[22m
13 error [1mCritical dependency: the request of a dependency is an expression[39m[22m
13 error  @ ../node_modules/@theia/monaco/lib/browser/textmate/monaco-theme-registry.js 27:26-52
13 error  @ ../node_modules/@theia/monaco/lib/browser/monaco-theming-service.js 36:32-75
13 error  @ ../node_modules/@theia/monaco/lib/browser/monaco-frontend-module.js 55:33-68
13 error  @ ../node_modules/@theia/monaco/lib/browser/monaco-browser-module.js 25:45-80
13 error  @ ./src-gen/frontend/index.js 58:31-88
13 error
13 error [1m[33mWARNING[39m[22m in [1m../node_modules/vscode-textmate/release/main.js[39m[22m
13 error [1mModule Warning (from ../node_modules/source-map-loader/dist/cjs.js):
13 error [1m[31mFailed[39m[22m[1m to parse source map from 'C:\Users\test\Desktop\Theia-Widget-Pattern-Selection\node_modules\vscode-textmate\release\main.js.map' file: [1m[31mError[39m[22m[1m: ENOENT: no such file or directory, open 'C:\Users\test\Desktop\Theia-Widget-Pattern-Selection\node_modules\vscode-textmate\release\main.js.map'[39m[22m
13 error  @ ../node_modules/@theia/monaco/lib/browser/textmate/monaco-theme-registry.js 27:26-52
13 error  @ ../node_modules/@theia/monaco/lib/browser/monaco-theming-service.js 36:32-75
13 error  @ ../node_modules/@theia/monaco/lib/browser/monaco-frontend-module.js 55:33-68
13 error  @ ../node_modules/@theia/monaco/lib/browser/monaco-browser-module.js 25:45-80
13 error  @ ./src-gen/frontend/index.js 58:31-88
13 error
13 error [1m[33mWARNING[39m[22m in [1m../node_modules/write-file-atomic/index.js[39m[22m [1m[32m17:24-49[39m[22m
13 error [1mModule [1m[31mnot found[39m[22m[1m: [1m[31mError[39m[22m[1m: Can't resolve 'worker_threads' in 'C:\Users\test\Desktop\Theia-Widget-Pattern-Selection\node_modules\write-file-atomic'[39m[22m
13 error  @ ../node_modules/write-json-file/index.js 4:24-52
13 error  @ ../node_modules/update-json-file/index.js 5:22-48
13 error  @ ../extension/lib/browser/extension-widget.js 127:55-82
13 error  @ ../extension/lib/browser/extension-frontend-module.js 4:27-56
13 error  @ ./src-gen/frontend/index.js 64:31-88
13 error
13 error 45 warnings have detailed information that is not shown.
13 error Use 'stats.errorDetails: true' resp. '--stats-error-details' to show it.
13 error
13 error [1m[31mERROR[39m[22m in [1m../node_modules/error-ex/index.js[39m[22m [1m[32m3:11-26[39m[22m
13 error [1mModule [1m[31mnot found[39m[22m[1m: [1m[31mError[39m[22m[1m: Can't resolve 'util' in 'C:\Users\test\Desktop\Theia-Widget-Pattern-Selection\node_modules\[1m[31merror[39m[22m[1m-ex'
13 error
13 error [1m[31mBREAKING CHANGE[39m[22m[1m: webpack < 5 used to include polyfills for node.js core modules by default.
13 error This is no longer the case. Verify if you need this module and configure a polyfill for it.
13 error
13 error If you want to include a polyfill, you need to:
13 error 	- add a fallback 'resolve.fallback: { "util": require.resolve("util/") }'
13 error 	- install 'util'
13 error If you don't want to include a polyfill, you can use an empty module like this:
13 error 	resolve.fallback: { "util": false }[39m[22m
13 error  @ ../node_modules/parse-json/index.js 2:14-33
13 error  @ ../node_modules/load-json-file/index.js 5:18-39
13 error  @ ../node_modules/update-json-file/index.js 4:21-46
13 error  @ ../extension/lib/browser/extension-widget.js 127:55-82
13 error  @ ../extension/lib/browser/extension-frontend-module.js 4:27-56
13 error  @ ./src-gen/frontend/index.js 64:31-88
13 error
13 error [1m[31mERROR[39m[22m in [1m../node_modules/graceful-fs/graceful-fs.js[39m[22m [1m[32m1:9-22[39m[22m
13 error [1mModule [1m[31mnot found[39m[22m[1m: [1m[31mError[39m[22m[1m: Can't resolve 'fs' in 'C:\Users\test\Desktop\Theia-Widget-Pattern-Selection\node_modules\graceful-fs'[39m[22m
13 error  @ ../node_modules/load-json-file/index.js 3:11-33
13 error  @ ../node_modules/update-json-file/index.js 4:21-46
13 error  @ ../extension/lib/browser/extension-widget.js 127:55-82
13 error  @ ../extension/lib/browser/extension-frontend-module.js 4:27-56
13 error  @ ./src-gen/frontend/index.js 64:31-88
13 error
13 error [1m[31mERROR[39m[22m in [1m../node_modules/graceful-fs/graceful-fs.js[39m[22m [1m[32m6:11-26[39m[22m
13 error [1mModule [1m[31mnot found[39m[22m[1m: [1m[31mError[39m[22m[1m: Can't resolve 'util' in 'C:\Users\test\Desktop\Theia-Widget-Pattern-Selection\node_modules\graceful-fs'
13 error
13 error [1m[31mBREAKING CHANGE[39m[22m[1m: webpack < 5 used to include polyfills for node.js core modules by default.
13 error This is no longer the case. Verify if you need this module and configure a polyfill for it.
13 error
13 error If you want to include a polyfill, you need to:
13 error 	- add a fallback 'resolve.fallback: { "util": require.resolve("util/") }'
13 error 	- install 'util'
13 error If you don't want to include a polyfill, you can use an empty module like this:
13 error 	resolve.fallback: { "util": false }[39m[22m
13 error  @ ../node_modules/load-json-file/index.js 3:11-33
13 error  @ ../node_modules/update-json-file/index.js 4:21-46
13 error  @ ../extension/lib/browser/extension-widget.js 127:55-82
13 error  @ ../extension/lib/browser/extension-frontend-module.js 4:27-56
13 error  @ ./src-gen/frontend/index.js 64:31-88
13 error
13 error [1m[31mERROR[39m[22m in [1m../node_modules/graceful-fs/graceful-fs.js[39m[22m [1m[32m87:6-29[39m[22m
13 error [1mModule [1m[31mnot found[39m[22m[1m: [1m[31mError[39m[22m[1m: Can't resolve 'assert' in 'C:\Users\test\Desktop\Theia-Widget-Pattern-Selection\node_modules\graceful-fs'
13 error
13 error [1m[31mBREAKING CHANGE[39m[22m[1m: webpack < 5 used to include polyfills for node.js core modules by default.
13 error This is no longer the case. Verify if you need this module and configure a polyfill for it.
13 error
13 error If you want to include a polyfill, you need to:
13 error 	- add a fallback 'resolve.fallback: { "assert": require.resolve("assert/") }'
13 error 	- install 'assert'
13 error If you don't want to include a polyfill, you can use an empty module like this:
13 error 	resolve.fallback: { "assert": false }[39m[22m
13 error  @ ../node_modules/load-json-file/index.js 3:11-33
13 error  @ ../node_modules/update-json-file/index.js 4:21-46
13 error  @ ../extension/lib/browser/extension-widget.js 127:55-82
13 error  @ ../extension/lib/browser/extension-frontend-module.js 4:27-56
13 error  @ ./src-gen/frontend/index.js 64:31-88
13 error
13 error [1m[31mERROR[39m[22m in [1m../node_modules/graceful-fs/legacy-streams.js[39m[22m [1m[32m1:13-37[39m[22m
13 error [1mModule [1m[31mnot found[39m[22m[1m: [1m[31mError[39m[22m[1m: Can't resolve 'stream' in 'C:\Users\test\Desktop\Theia-Widget-Pattern-Selection\node_modules\graceful-fs'
13 error
13 error [1m[31mBREAKING CHANGE[39m[22m[1m: webpack < 5 used to include polyfills for node.js core modules by default.
13 error This is no longer the case. Verify if you need this module and configure a polyfill for it.
13 error
13 error If you want to include a polyfill, you need to:
13 error 	- add a fallback 'resolve.fallback: { "stream": require.resolve("stream-browserify") }'
13 error 	- install 'stream-browserify'
13 error If you don't want to include a polyfill, you can use an empty module like this:
13 error 	resolve.fallback: { "stream": false }[39m[22m
13 error  @ ../node_modules/graceful-fs/graceful-fs.js 3:13-43
13 error  @ ../node_modules/load-json-file/index.js 3:11-33
13 error  @ ../node_modules/update-json-file/index.js 4:21-46
13 error  @ ../extension/lib/browser/extension-widget.js 127:55-82
13 error  @ ../extension/lib/browser/extension-frontend-module.js 4:27-56
13 error  @ ./src-gen/frontend/index.js 64:31-88
13 error
13 error [1m[31mERROR[39m[22m in [1m../node_modules/graceful-fs/polyfills.js[39m[22m [1m[32m1:16-36[39m[22m
13 error [1mModule [1m[31mnot found[39m[22m[1m: [1m[31mError[39m[22m[1m: Can't resolve 'constants' in 'C:\Users\test\Desktop\Theia-Widget-Pattern-Selection\node_modules\graceful-fs'
13 error
13 error [1m[31mBREAKING CHANGE[39m[22m[1m: webpack < 5 used to include polyfills for node.js core modules by default.
13 error This is no longer the case. Verify if you need this module and configure a polyfill for it.
13 error
13 error If you want to include a polyfill, you need to:
13 error 	- add a fallback 'resolve.fallback: { "constants": require.resolve("constants-browserify") }'
13 error 	- install 'constants-browserify'
13 error If you don't want to include a polyfill, you can use an empty module like this:
13 error 	resolve.fallback: { "constants": false }[39m[22m
13 error  @ ../node_modules/graceful-fs/graceful-fs.js 2:16-41
13 error  @ ../node_modules/load-json-file/index.js 3:11-33
13 error  @ ../node_modules/update-json-file/index.js 4:21-46
13 error  @ ../extension/lib/browser/extension-widget.js 127:55-82
13 error  @ ../extension/lib/browser/extension-frontend-module.js 4:27-56
13 error  @ ./src-gen/frontend/index.js 64:31-88
13 error
13 error [1m[31mERROR[39m[22m in [1m../node_modules/signal-exit/index.js[39m[22m [1m[32m4:13-30[39m[22m
13 error [1mModule [1m[31mnot found[39m[22m[1m: [1m[31mError[39m[22m[1m: Can't resolve 'assert' in 'C:\Users\test\Desktop\Theia-Widget-Pattern-Selection\node_modules\signal-exit'
13 error
13 error [1m[31mBREAKING CHANGE[39m[22m[1m: webpack < 5 used to include polyfills for node.js core modules by default.
13 error This is no longer the case. Verify if you need this module and configure a polyfill for it.
13 error
13 error If you want to include a polyfill, you need to:
13 error 	- add a fallback 'resolve.fallback: { "assert": require.resolve("assert/") }'
13 error 	- install 'assert'
13 error If you don't want to include a polyfill, you can use an empty module like this:
13 error 	resolve.fallback: { "assert": false }[39m[22m
13 error  @ ../node_modules/write-file-atomic/index.js 9:13-35
13 error  @ ../node_modules/write-json-file/index.js 4:24-52
13 error  @ ../node_modules/update-json-file/index.js 5:22-48
13 error  @ ../extension/lib/browser/extension-widget.js 127:55-82
13 error  @ ../extension/lib/browser/extension-frontend-module.js 4:27-56
13 error  @ ./src-gen/frontend/index.js 64:31-88
13 error
13 error [1m[31mERROR[39m[22m in [1m../node_modules/write-json-file/node_modules/make-dir/index.js[39m[22m [1m[32m2:11-24[39m[22m
13 error [1mModule [1m[31mnot found[39m[22m[1m: [1m[31mError[39m[22m[1m: Can't resolve 'fs' in 'C:\Users\test\Desktop\Theia-Widget-Pattern-Selection\node_modules\write-json-file\node_modules\make-dir'[39m[22m
13 error  @ ../node_modules/write-json-file/index.js 6:16-35
13 error  @ ../node_modules/update-json-file/index.js 5:22-48
13 error  @ ../extension/lib/browser/extension-widget.js 127:55-82
13 error  @ ../extension/lib/browser/extension-frontend-module.js 4:27-56
13 error  @ ./src-gen/frontend/index.js 64:31-88
13 error
13 error [1m[33m8 errors have detailed information that is not shown.
13 error Use 'stats.errorDetails: true' resp. '--stats-error-details' to show it.[39m[22m
13 error
13 error webpack 5.45.1 compiled with [1m[31m8 errors[39m[22m and [1m[33m45 warnings[39m[22m in 31410 ms
13 error
13 error
13 error     at C:\Users\test\Desktop\Theia-Widget-Pattern-Selection\node_modules\execa\index.js:236:11
